<?xml version="1.0" encoding="utf-8"?><testsuites name="pytest tests"><testsuite name="pytest" errors="0" failures="2" skipped="0" tests="42" time="14.809" timestamp="2026-05-27T11:20:38.760920+00:00" hostname="agent-env-85bbffcd-7be1-4d80-9a29-f84c36cc63ab"><testcase classname="backend.tests.backend_test" name="test_health" time="0.274" /><testcase classname="backend.tests.backend_test.TestAuth" name="test_admin_login" time="0.306" /><testcase classname="backend.tests.backend_test.TestAuth" name="test_login_invalid" time="0.282" /><testcase classname="backend.tests.backend_test.TestAuth" name="test_me" time="0.063" /><testcase classname="backend.tests.backend_test.TestAuth" name="test_me_unauth" time="0.050" /><testcase classname="backend.tests.backend_test.TestAuth" name="test_refresh" time="0.053" /><testcase classname="backend.tests.backend_test.TestAuth" name="test_otp_flow" time="0.125" /><testcase classname="backend.tests.backend_test.TestAuth" name="test_social_google" time="0.056" /><testcase classname="backend.tests.backend_test.TestAuth" name="test_social_apple" time="0.056" /><testcase classname="backend.tests.backend_test.TestAuth" name="test_social_invalid_provider" time="0.050" /><testcase classname="backend.tests.backend_test.TestNovels" name="test_list_novels" time="0.061" /><testcase classname="backend.tests.backend_test.TestNovels" name="test_upcoming_via_query" time="0.054" /><testcase classname="backend.tests.backend_test.TestNovels" name="test_upcoming_feed" time="0.056" /><testcase classname="backend.tests.backend_test.TestNovels" name="test_novel_detail" time="0.119" /><testcase classname="backend.tests.backend_test.TestNovels" name="test_admin_crud" time="0.288" /><testcase classname="backend.tests.backend_test.TestNovels" name="test_non_admin_create_forbidden" time="0.341" /><testcase classname="backend.tests.backend_test.TestChapters" name="test_list_chapters" time="0.109" /><testcase classname="backend.tests.backend_test.TestChapters" name="test_free_chapter_open" time="0.165" /><testcase classname="backend.tests.backend_test.TestChapters" name="test_premium_chapter_locked_for_free" time="0.167" /><testcase classname="backend.tests.backend_test.TestChapters" name="test_premium_chapter_open_for_admin" time="0.164"><failure message="AssertionError: Admin should access premium chapter (BUG: is_user_premium ignores user.premium_status)&#10;assert True is False">backend/tests/backend_test.py:261: in test_premium_chapter_open_for_admin
    assert body["locked"] is False, "Admin should access premium chapter (BUG: is_user_premium ignores user.premium_status)"
E   AssertionError: Admin should access premium chapter (BUG: is_user_premium ignores user.premium_status)
E   assert True is False</failure></testcase><testcase classname="backend.tests.backend_test.TestChapters" name="test_premium_chapter_open_for_subscribed_user" time="0.502" /><testcase classname="backend.tests.backend_test.TestRatings" name="test_upsert" time="0.300" /><testcase classname="backend.tests.backend_test.TestSubscriptions" name="test_paywall_default" time="0.050" /><testcase classname="backend.tests.backend_test.TestSubscriptions" name="test_paywall_lk" time="0.054" /><testcase classname="backend.tests.backend_test.TestSubscriptions" name="test_revenuecat_subscribe_and_cancel" time="0.511" /><testcase classname="backend.tests.backend_test.TestSubscriptions" name="test_ideamart_subscribe" time="0.489" /><testcase classname="backend.tests.backend_test.TestSubscriptions" name="test_revenuecat_webhook" time="0.542" /><testcase classname="backend.tests.backend_test.TestAds" name="test_unlock_premium" time="0.528" /><testcase classname="backend.tests.backend_test.TestAds" name="test_missing_token" time="0.055" /><testcase classname="backend.tests.backend_test.TestReminders" name="test_toggle" time="0.237" /><testcase classname="backend.tests.backend_test.TestTTS" name="test_speech" time="3.316" /><testcase classname="backend.tests.backend_test.TestTTS" name="test_speech_sentences" time="1.937" /><testcase classname="backend.tests.backend_test.TestSecurity" name="test_content_key_premium" time="0.108"><failure message="AssertionError: BUG: admin should get content-key (premium_status flag ignored)&#10;assert 403 == 200&#10; +  where 403 = &lt;Response [403]&gt;.status_code">backend/tests/backend_test.py:470: in test_content_key_premium
    assert r.status_code == 200, "BUG: admin should get content-key (premium_status flag ignored)"
E   AssertionError: BUG: admin should get content-key (premium_status flag ignored)
E   assert 403 == 200
E    +  where 403 = &lt;Response [403]&gt;.status_code</failure></testcase><testcase classname="backend.tests.backend_test.TestSecurity" name="test_content_key_subscribed_user" time="0.403" /><testcase classname="backend.tests.backend_test.TestSecurity" name="test_content_key_free" time="0.057" /><testcase classname="backend.tests.backend_test.TestAdmin" name="test_overview" time="0.062" /><testcase classname="backend.tests.backend_test.TestAdmin" name="test_users" time="0.060" /><testcase classname="backend.tests.backend_test.TestAdmin" name="test_subscriptions" time="0.089" /><testcase classname="backend.tests.backend_test.TestAdmin" name="test_push_compose" time="0.055" /><testcase classname="backend.tests.backend_test.TestAdmin" name="test_admin_endpoints_reject_non_admin" time="0.166" /><testcase classname="backend.tests.backend_test.TestAdmin" name="test_admin_endpoints_reject_unauth" time="0.106" /><testcase classname="backend.tests.backend_test.TestRateLimits" name="test_login_rate_limit" time="2.167" /></testsuite></testsuites>